2026-07-02T12:48:10.945Z INFO starting main
2026-07-02T12:48:10.950Z INFO input: 
	nodes = 18764
2026-07-02T12:48:10.950Z INFO options: 
	time_limit        = 0
	seed              = 12345
	threads           = 0
	max_neighbors     = 10
	outlier_threshold = 10
	log_level         = info
	log_format        = compact
	log_timestamp     = true
	log_output        = logs.log
	input             = points.txt
	output            = 
2026-07-02T12:48:10.950Z INFO starting solve
2026-07-02T12:48:10.962Z INFO solver: candidates built n=18764 k=10 in 0.01s
2026-07-02T12:48:10.965Z INFO solver: greedy tour len=2337055 in 0.01s
2026-07-02T12:48:26.903Z INFO solver: segment rounds done rounds=188 len=2022398
2026-07-02T12:48:26.905Z INFO solver: finished len=2022398 in 15.95s
2026-07-02T12:48:26.906Z INFO solver: n=18764 chord_length_m=2022398
2026-07-02T12:48:26.906Z INFO solve: finished in 15.96s
2026-07-02T12:48:26.906Z INFO metrics: n=18764 total_m=2022398 longest_m=1212 avg_m=108 spike_threshold_m=1078 spikes=1
2026-07-02T12:48:27.559Z INFO main: finished in 16.61s
2026-07-02T12:48:46.056Z INFO starting main
2026-07-02T12:48:46.061Z INFO input: 
	nodes = 18764
2026-07-02T12:48:46.061Z INFO options: 
	time_limit        = 9
	seed              = 12345
	threads           = 0
	max_neighbors     = 10
	outlier_threshold = 10
	log_level         = info
	log_format        = compact
	log_timestamp     = true
	log_output        = logs.log
	input             = points.txt
	output            = 
2026-07-02T12:48:46.061Z INFO starting solve
2026-07-02T12:48:46.073Z INFO solver: candidates built n=18764 k=10 in 0.01s
2026-07-02T12:48:46.075Z INFO solver: greedy tour len=2337055 in 0.01s
2026-07-02T12:48:53.715Z INFO solver: segment rounds done rounds=180 len=2022684
2026-07-02T12:48:53.717Z INFO solver: finished len=2022684 in 7.66s
2026-07-02T12:48:53.717Z INFO solver: n=18764 chord_length_m=2022684
2026-07-02T12:48:53.718Z INFO solve: finished in 7.66s
2026-07-02T12:48:53.719Z INFO metrics: n=18764 total_m=2022684 longest_m=1212 avg_m=108 spike_threshold_m=1078 spikes=1
2026-07-02T12:48:54.359Z INFO main: finished in 8.30s
